#
# There is insufficient memory for the Java Runtime Environment to continue.
# Native memory allocation (malloc) failed to allocate 1048576 bytes for AllocateHeap
# Possible reasons:
#   The system is out of physical RAM or swap space
#   The process is running with CompressedOops enabled, and the Java Heap may be blocking the growth of the native heap
# Possible solutions:
#   Reduce memory load on the system
#   Increase physical memory or swap space
#   Check if swap backing store is full
#   Decrease Java heap size (-Xmx/-Xms)
#   Decrease number of Java threads
#   Decrease Java thread stack sizes (-Xss)
#   Set larger code cache with -XX:ReservedCodeCacheSize=
#   JVM is running with Unscaled Compressed Oops mode in which the Java heap is
#     placed in the first 4GB address space. The Java Heap base address is the
#     maximum limit for the native heap growth. Please use -XX:HeapBaseMinAddress
#     to set the Java Heap base and to place the Java Heap above 4GB virtual address.
# This output file may be truncated or incomplete.
#
#  Out of Memory Error (allocation.cpp:44), pid=5620, tid=11760
#
# JRE version:  (17.0.5+8) (build )
# Java VM: OpenJDK 64-Bit Server VM (17.0.5+8, mixed mode, tiered, compressed oops, compressed class ptrs, parallel gc, windows-amd64)
# No core dump will be written. Minidumps are not enabled by default on client versions of Windows
#

---------------  S U M M A R Y ------------

Command Line: --add-modules=ALL-SYSTEM --add-opens=java.base/java.util=ALL-UNNAMED --add-opens=java.base/java.lang=ALL-UNNAMED --add-opens=java.base/sun.nio.fs=ALL-UNNAMED -Declipse.application=org.eclipse.jdt.ls.core.id1 -Dosgi.bundles.defaultStartLevel=4 -Declipse.product=org.eclipse.jdt.ls.core.product -Djava.import.generatesMetadataFilesAtProjectRoot=false -Dfile.encoding=utf8 -XX:+UseParallelGC -XX:GCTimeRatio=4 -XX:AdaptiveSizePolicyWeight=90 -Dsun.zip.disableMemoryMapping=true -Xmx1G -Xms100m -Xlog:disable -javaagent:c:\Users\alsst\.vscode\extensions\redhat.java-1.14.0-win32-x64\lombok\lombok-1.18.24.jar -XX:+HeapDumpOnOutOfMemoryError -XX:HeapDumpPath=c:\Users\alsst\AppData\Roaming\Code\User\workspaceStorage\0f829e4d663c897f1f1247d51dbb4a47\redhat.java c:\Users\alsst\.vscode\extensions\redhat.java-1.14.0-win32-x64\server\plugins\org.eclipse.equinox.launcher_1.6.400.v20210924-0641.jar -configuration c:\Users\alsst\AppData\Roaming\Code\User\globalStorage\redhat.java\1.14.0\config_win -data c:\Users\alsst\AppData\Roaming\Code\User\workspaceStorage\0f829e4d663c897f1f1247d51dbb4a47\redhat.java\jdt_ws

Host: Intel(R) Core(TM) i7-8565U CPU @ 1.80GHz, 8 cores, 7G,  Windows 11 , 64 bit Build 22621 (10.0.22621.1194)
Time: Fri Feb 17 00:26:49 2023 Hora oficial do Brasil elapsed time: 0.217238 seconds (0d 0h 0m 0s)

---------------  T H R E A D  ---------------

Current thread (0x0000028f37e85270):  JavaThread "Unknown thread" [_thread_in_vm, id=11760, stack(0x000000f2d6200000,0x000000f2d6300000)]

Stack: [0x000000f2d6200000,0x000000f2d6300000]
Native frames: (J=compiled Java code, j=interpreted, Vv=VM code, C=native code)
V  [jvm.dll+0x676b3a]
V  [jvm.dll+0x831444]
V  [jvm.dll+0x832bee]
V  [jvm.dll+0x833253]
V  [jvm.dll+0x244ce5]
V  [jvm.dll+0xa631f]
V  [jvm.dll+0x6a9056]
V  [jvm.dll+0x6a9bff]
V  [jvm.dll+0x683233]
V  [jvm.dll+0x80383b]
V  [jvm.dll+0x368c34]
V  [jvm.dll+0x7e265c]
V  [jvm.dll+0x3eb17f]
V  [jvm.dll+0x3eccc1]
C  [jli.dll+0x5267]
C  [ucrtbase.dll+0x29363]
C  [KERNEL32.DLL+0x126bd]
C  [ntdll.dll+0x5dfb8]


---------------  P R O C E S S  ---------------

Threads class SMR info:
_java_thread_list=0x00007fff58c82f18, length=0, elements={
}

Java Threads: ( => current thread )

Other Threads:
  0x0000028f37e99d40 GCTaskThread "GC Thread#0" [stack: 0x000000f2d6300000,0x000000f2d6400000] [id=1400]

=>0x0000028f37e85270 (exited) JavaThread "Unknown thread" [_thread_in_vm, id=11760, stack(0x000000f2d6200000,0x000000f2d6300000)]

Threads with active compile tasks:

VM state: not at safepoint (normal execution)

VM Mutex/Monitor currently owned by a thread: None

Heap address: 0x00000000c0000000, size: 1024 MB, Compressed Oops mode: 32-bit

CDS archive(s) not mapped
Compressed class space mapped at: 0x0000000100000000-0x0000000140000000, reserved size: 1073741824
Narrow klass base: 0x0000000000000000, Narrow klass shift: 3, Narrow klass range: 0x140000000

GC Precious Log:
 CPUs: 8 total, 8 available
 Memory: 7998M
 Large Page Support: Disabled
 NUMA Support: Disabled
 Compressed Oops: Enabled (32-bit)
 Alignments: Space 512K, Generation 512K, Heap 2M
 Heap Min Capacity: 100M
 Heap Initial Capacity: 100M
 Heap Max Capacity: 1G
 Pre-touch: Disabled
 Parallel Workers: 8

Heap:
 PSYoungGen      total 29696K, used 512K [0x00000000eab00000, 0x00000000ecc00000, 0x0000000100000000)
  eden space 25600K, 2% used [0x00000000eab00000,0x00000000eab80070,0x00000000ec400000)
  from space 4096K, 0% used [0x00000000ec800000,0x00000000ec800000,0x00000000ecc00000)
  to   space 4096K, 0% used [0x00000000ec400000,0x00000000ec400000,0x00000000ec800000)
 ParOldGen       total 68608K, used 0K [0x00000000c0000000, 0x00000000c4300000, 0x00000000eab00000)
  object space 68608K, 0% used [0x00000000c0000000,0x00000000c0000000,0x00000000c4300000)
 Metaspace       used 1149K, committed 1216K, reserved 1056768K
  class space    used 101K, committed 128K, reserved 1048576K

Card table byte_map: [0x0000028f37820000,0x0000028f37a30000] _byte_map_base: 0x0000028f37220000

Marking Bits: (ParMarkBitMap*) 0x00007fff58cf0dd0
 Begin Bits: [0x0000028f49b00000, 0x0000028f4ab00000)
 End Bits:   [0x0000028f4ab00000, 0x0000028f4bb00000)

Polling page: 0x0000028f35e00000

Metaspace:

Usage:
  Non-class:      1.02 MB used.
      Class:    101.01 KB used.
       Both:      1.12 MB used.

Virtual space:
  Non-class space:        8.00 MB reserved,       1.06 MB ( 13%) committed,  1 nodes.
      Class space:        1.00 GB reserved,     128.00 KB ( <1%) committed,  1 nodes.
             Both:        1.01 GB reserved,       1.19 MB ( <1%) committed. 

Chunk freelists:
   Non-Class:  0 bytes
       Class:  3.75 MB
        Both:  3.75 MB

MaxMetaspaceSize: unlimited
CompressedClassSpaceSize: 1.00 GB
Initial GC threshold: 21.00 MB
Current GC threshold: 17179869184.00 GB
CDS: off
MetaspaceReclaimPolicy: balanced
 - commit_granule_bytes: 65536.
 - commit_granule_words: 8192.
 - virtual_space_node_default_size: 1048576.
 - enlarge_chunks_in_place: 1.
 - new_chunks_are_fully_committed: 0.
 - uncommit_free_chunks: 1.
 - use_allocation_guard: 0.
 - handle_deallocations: 1.


Internal statistics:

num_allocs_failed_limit: 0.
num_arena_births: 2.
num_arena_deaths: 0.
num_vsnodes_births: 2.
num_vsnodes_deaths: 0.
num_space_committed: 19.
num_space_uncommitted: 0.
num_chunks_returned_to_freelist: 0.
num_chunks_taken_from_freelist: 3.
num_chunk_merges: 0.
num_chunk_splits: 1.
num_chunks_enlarged: 0.
num_purges: 0.
num_inconsistent_stats: 0.

CodeHeap 'non-profiled nmethods': size=120000Kb used=0Kb max_used=0Kb free=120000Kb
 bounds [0x0000028f425d0000, 0x0000028f42840000, 0x0000028f49b00000]
CodeHeap 'profiled nmethods': size=120000Kb used=0Kb max_used=0Kb free=120000Kb
 bounds [0x0000028f3b0a0000, 0x0000028f3b310000, 0x0000028f425d0000]
CodeHeap 'non-nmethods': size=5760Kb used=202Kb max_used=335Kb free=5557Kb
 bounds [0x0000028f3ab00000, 0x0000028f3ad70000, 0x0000028f3b0a0000]
 total_blobs=66 nmethods=0 adapters=47
 compilation: enabled
              stopped_count=0, restarted_count=0
 full_count=0

Compilation events (0 events):
No events

GC Heap History (0 events):
No events

Dll operation events (1 events):
Event: 0.051 Loaded shared library c:\Users\alsst\.vscode\extensions\redhat.java-1.14.0-win32-x64\jre\17.0.5-win32-x86_64\bin\java.dll

Deoptimization events (0 events):
No events

Classes unloaded (0 events):
No events

Classes redefined (0 events):
No events

Internal exceptions (0 events):
No events

VM Operations (0 events):
No events

Events (20 events):
Event: 0.141 loading class java/lang/Long
Event: 0.141 loading class java/lang/Long done
Event: 0.141 loading class java/util/Iterator
Event: 0.141 loading class java/util/Iterator done
Event: 0.141 loading class java/lang/reflect/RecordComponent
Event: 0.143 loading class java/lang/reflect/RecordComponent done
Event: 0.144 loading class jdk/internal/vm/vector/VectorSupport
Event: 0.146 loading class jdk/internal/vm/vector/VectorSupport done
Event: 0.146 loading class jdk/internal/vm/vector/VectorSupport$VectorPayload
Event: 0.153 loading class jdk/internal/vm/vector/VectorSupport$VectorPayload done
Event: 0.153 loading class jdk/internal/vm/vector/VectorSupport$Vector
Event: 0.154 loading class jdk/internal/vm/vector/VectorSupport$Vector done
Event: 0.154 loading class jdk/internal/vm/vector/VectorSupport$VectorMask
Event: 0.154 loading class jdk/internal/vm/vector/VectorSupport$VectorMask done
Event: 0.154 loading class jdk/internal/vm/vector/VectorSupport$VectorShuffle
Event: 0.156 loading class jdk/internal/vm/vector/VectorSupport$VectorShuffle done
Event: 0.176 loading class java/lang/NullPointerException
Event: 0.177 loading class java/lang/NullPointerException done
Event: 0.177 loading class java/lang/ArithmeticException
Event: 0.178 loading class java/lang/ArithmeticException done


Dynamic libraries:
0x00007ff739730000 - 0x00007ff73973e000 	c:\Users\alsst\.vscode\extensions\redhat.java-1.14.0-win32-x64\jre\17.0.5-win32-x86_64\bin\java.exe
0x00007fffb4130000 - 0x00007fffb4344000 	C:\WINDOWS\SYSTEM32\ntdll.dll
0x00007fff733d0000 - 0x00007fff733e7000 	C:\Program Files\AVG\Antivirus\aswhook.dll
0x00007fffb4020000 - 0x00007fffb40e3000 	C:\WINDOWS\System32\KERNEL32.DLL
0x00007fffb1780000 - 0x00007fffb1b1c000 	C:\WINDOWS\System32\KERNELBASE.dll
0x00007fffb1e20000 - 0x00007fffb1f31000 	C:\WINDOWS\System32\ucrtbase.dll
0x00007fffa2050000 - 0x00007fffa2067000 	c:\Users\alsst\.vscode\extensions\redhat.java-1.14.0-win32-x64\jre\17.0.5-win32-x86_64\bin\jli.dll
0x00007fffb1f40000 - 0x00007fffb20ed000 	C:\WINDOWS\System32\USER32.dll
0x00007fffb1570000 - 0x00007fffb1596000 	C:\WINDOWS\System32\win32u.dll
0x00007fffb3df0000 - 0x00007fffb3e19000 	C:\WINDOWS\System32\GDI32.dll
0x00007fffb15a0000 - 0x00007fffb16b2000 	C:\WINDOWS\System32\gdi32full.dll
0x00007fffb1b20000 - 0x00007fffb1bba000 	C:\WINDOWS\System32\msvcp_win.dll
0x00007fffa16c0000 - 0x00007fffa16d9000 	c:\Users\alsst\.vscode\extensions\redhat.java-1.14.0-win32-x64\jre\17.0.5-win32-x86_64\bin\VCRUNTIME140.dll
0x00007fffa3560000 - 0x00007fffa37ee000 	C:\WINDOWS\WinSxS\amd64_microsoft.windows.common-controls_6595b64144ccf1df_6.0.22621.608_none_a9444ca7c10bb01d\COMCTL32.dll
0x00007fffb2980000 - 0x00007fffb2a27000 	C:\WINDOWS\System32\msvcrt.dll
0x00007fffb3db0000 - 0x00007fffb3de2000 	C:\WINDOWS\System32\IMM32.DLL
0x00007fffacf20000 - 0x00007fffacf2c000 	c:\Users\alsst\.vscode\extensions\redhat.java-1.14.0-win32-x64\jre\17.0.5-win32-x86_64\bin\vcruntime140_1.dll
0x00007fff6e5d0000 - 0x00007fff6e661000 	c:\Users\alsst\.vscode\extensions\redhat.java-1.14.0-win32-x64\jre\17.0.5-win32-x86_64\bin\msvcp140.dll
0x00007fff58170000 - 0x00007fff58db4000 	c:\Users\alsst\.vscode\extensions\redhat.java-1.14.0-win32-x64\jre\17.0.5-win32-x86_64\bin\server\jvm.dll
0x00007fffb3d00000 - 0x00007fffb3dae000 	C:\WINDOWS\System32\ADVAPI32.dll
0x00007fffb3c40000 - 0x00007fffb3ce4000 	C:\WINDOWS\System32\sechost.dll
0x00007fffb2bb0000 - 0x00007fffb2cc5000 	C:\WINDOWS\System32\RPCRT4.dll
0x00007fff992a0000 - 0x00007fff992a9000 	C:\WINDOWS\SYSTEM32\WSOCK32.dll
0x00007fffb3b10000 - 0x00007fffb3b81000 	C:\WINDOWS\System32\WS2_32.dll
0x00007fffa8580000 - 0x00007fffa85b4000 	C:\WINDOWS\SYSTEM32\WINMM.dll
0x00007fffa71d0000 - 0x00007fffa71da000 	C:\WINDOWS\SYSTEM32\VERSION.dll
0x00007fffb0680000 - 0x00007fffb0698000 	C:\WINDOWS\SYSTEM32\kernel.appcore.dll
0x00007fffa8e70000 - 0x00007fffa8e7a000 	c:\Users\alsst\.vscode\extensions\redhat.java-1.14.0-win32-x64\jre\17.0.5-win32-x86_64\bin\jimage.dll
0x00007fffa1dc0000 - 0x00007fffa1fee000 	C:\WINDOWS\SYSTEM32\DBGHELP.DLL
0x00007fffb2cf0000 - 0x00007fffb307a000 	C:\WINDOWS\System32\combase.dll
0x00007fffb2a40000 - 0x00007fffb2b17000 	C:\WINDOWS\System32\OLEAUT32.dll
0x00007fffa1cf0000 - 0x00007fffa1d22000 	C:\WINDOWS\SYSTEM32\dbgcore.DLL
0x00007fffb1bc0000 - 0x00007fffb1c3b000 	C:\WINDOWS\System32\bcryptPrimitives.dll
0x00007fffa86a0000 - 0x00007fffa86ae000 	c:\Users\alsst\.vscode\extensions\redhat.java-1.14.0-win32-x64\jre\17.0.5-win32-x86_64\bin\instrument.dll
0x00007fff90790000 - 0x00007fff907b5000 	c:\Users\alsst\.vscode\extensions\redhat.java-1.14.0-win32-x64\jre\17.0.5-win32-x86_64\bin\java.dll
0x00007fff98cf0000 - 0x00007fff98d08000 	c:\Users\alsst\.vscode\extensions\redhat.java-1.14.0-win32-x64\jre\17.0.5-win32-x86_64\bin\zip.dll

dbghelp: loaded successfully - version: 4.0.5 - missing functions: none
symbol engine: initialized successfully - sym options: 0x614 - pdb path: .;c:\Users\alsst\.vscode\extensions\redhat.java-1.14.0-win32-x64\jre\17.0.5-win32-x86_64\bin;C:\WINDOWS\SYSTEM32;C:\Program Files\AVG\Antivirus;C:\WINDOWS\WinSxS\amd64_microsoft.windows.common-controls_6595b64144ccf1df_6.0.22621.608_none_a9444ca7c10bb01d;c:\Users\alsst\.vscode\extensions\redhat.java-1.14.0-win32-x64\jre\17.0.5-win32-x86_64\bin\server

VM Arguments:
jvm_args: --add-modules=ALL-SYSTEM --add-opens=java.base/java.util=ALL-UNNAMED --add-opens=java.base/java.lang=ALL-UNNAMED --add-opens=java.base/sun.nio.fs=ALL-UNNAMED -Declipse.application=org.eclipse.jdt.ls.core.id1 -Dosgi.bundles.defaultStartLevel=4 -Declipse.product=org.eclipse.jdt.ls.core.product -Djava.import.generatesMetadataFilesAtProjectRoot=false -Dfile.encoding=utf8 -XX:+UseParallelGC -XX:GCTimeRatio=4 -XX:AdaptiveSizePolicyWeight=90 -Dsun.zip.disableMemoryMapping=true -Xmx1G -Xms100m -Xlog:disable -javaagent:c:\Users\alsst\.vscode\extensions\redhat.java-1.14.0-win32-x64\lombok\lombok-1.18.24.jar -XX:+HeapDumpOnOutOfMemoryError -XX:HeapDumpPath=c:\Users\alsst\AppData\Roaming\Code\User\workspaceStorage\0f829e4d663c897f1f1247d51dbb4a47\redhat.java 
java_command: c:\Users\alsst\.vscode\extensions\redhat.java-1.14.0-win32-x64\server\plugins\org.eclipse.equinox.launcher_1.6.400.v20210924-0641.jar -configuration c:\Users\alsst\AppData\Roaming\Code\User\globalStorage\redhat.java\1.14.0\config_win -data c:\Users\alsst\AppData\Roaming\Code\User\workspaceStorage\0f829e4d663c897f1f1247d51dbb4a47\redhat.java\jdt_ws
java_class_path (initial): c:\Users\alsst\.vscode\extensions\redhat.java-1.14.0-win32-x64\server\plugins\org.eclipse.equinox.launcher_1.6.400.v20210924-0641.jar
Launcher Type: SUN_STANDARD

[Global flags]
    uintx AdaptiveSizePolicyWeight                 = 90                                        {product} {command line}
     intx CICompilerCount                          = 4                                         {product} {ergonomic}
    uintx GCTimeRatio                              = 4                                         {product} {command line}
     bool HeapDumpOnOutOfMemoryError               = true                                   {manageable} {command line}
    ccstr HeapDumpPath                             = c:\Users\alsst\AppData\Roaming\Code\User\workspaceStorage\0f829e4d663c897f1f1247d51dbb4a47\redhat.java         {manageable} {command line}
   size_t InitialHeapSize                          = 104857600                                 {product} {command line}
   size_t MaxHeapSize                              = 1073741824                                {product} {command line}
   size_t MaxNewSize                               = 357564416                                 {product} {ergonomic}
   size_t MinHeapDeltaBytes                        = 524288                                    {product} {ergonomic}
   size_t MinHeapSize                              = 104857600                                 {product} {command line}
   size_t NewSize                                  = 34603008                                  {product} {ergonomic}
    uintx NonNMethodCodeHeapSize                   = 5839372                                {pd product} {ergonomic}
    uintx NonProfiledCodeHeapSize                  = 122909434                              {pd product} {ergonomic}
   size_t OldSize                                  = 70254592                                  {product} {ergonomic}
    uintx ProfiledCodeHeapSize                     = 122909434                              {pd product} {ergonomic}
    uintx ReservedCodeCacheSize                    = 251658240                              {pd product} {ergonomic}
     bool SegmentedCodeCache                       = true                                      {product} {ergonomic}
   size_t SoftMaxHeapSize                          = 1073741824                             {manageable} {ergonomic}
     bool UseCompressedClassPointers               = true                           {product lp64_product} {ergonomic}
     bool UseCompressedOops                        = true                           {product lp64_product} {ergonomic}
     bool UseLargePagesIndividualAllocation        = false                                  {pd product} {ergonomic}
     bool UseParallelGC                            = true                                      {product} {command line}

Logging:
Log output configuration:
 #0: stdout all=off uptime,level,tags
 #1: stderr all=off uptime,level,tags

Environment Variables:
JAVA_HOME=C:\Program Files\Java\jdk-11
PATH=C:\Program Files\Common Files\Oracle\Java\javapath;C:\Python310\Scripts\;C:\Python310\;C:\WINDOWS\system32;C:\WINDOWS;C:\WINDOWS\System32\Wbem;C:\WINDOWS\System32\WindowsPowerShell\v1.0\;C:\WINDOWS\System32\OpenSSH\;C:\Program Files\Git\cmd;C:\Program Files\dotnet\;C:\ProgramData\chocolatey\bin;C:\Program Files\nodejs\;C:\Program Files\Java\jdk-11\bin;C:\Users\alsst\AppData\Local\Microsoft\WindowsApps;;C:\Users\alsst\AppData\Local\Programs\Microsoft VS Code\bin;C:\Users\alsst\AppData\Roaming\npm
USERNAME=alsst
OS=Windows_NT
PROCESSOR_IDENTIFIER=Intel64 Family 6 Model 142 Stepping 12, GenuineIntel
TMP=C:\Users\alsst\AppData\Local\Temp
TEMP=C:\Users\alsst\AppData\Local\Temp



---------------  S Y S T E M  ---------------

OS:
 Windows 11 , 64 bit Build 22621 (10.0.22621.1194)
OS uptime: 1 days 1:07 hours
Hyper-V role detected

CPU: total 8 (initial active 8) (4 cores per cpu, 2 threads per core) family 6 model 142 stepping 12 microcode 0xf0, cx8, cmov, fxsr, ht, mmx, 3dnowpref, sse, sse2, sse3, ssse3, sse4.1, sse4.2, popcnt, lzcnt, tsc, tscinvbit, avx, avx2, aes, erms, clmul, bmi1, bmi2, adx, fma, vzeroupper, clflush, clflushopt, hv

Memory: 4k page, system-wide physical 7998M (164M free)
TotalPageFile size 32574M (AvailPageFile size 1M)
current process WorkingSet (physical memory assigned to process): 16M, peak: 16M
current process commit charge ("private bytes"): 162M, peak: 163M

vm_info: OpenJDK 64-Bit Server VM (17.0.5+8) for windows-amd64 JRE (17.0.5+8), built on Oct 19 2022 04:48:13 by "temurin" with MS VC++ 16.7 (VS2019)

END.
